2024-12-26 17:49:05,421 - ERROR - delete_page() missing 1 required positional argument: 'pages'
Traceback (most recent call last):
  File "C:\Users\keita\Documents\work\pdf-editor\backend\app.py", line 100, in dynamic_endpoint
    processed_files = endpoint(saved_files)
                      ^^^^^^^^^^^^^^^^^^^^^
  File "C:\Users\keita\Documents\work\pdf-editor\backend\endpoint.py", line 21, in __call__
    out = self.process(*single_file_args, **kwargs)
          ^^^^^^^^^^^^^^^^^^^^^^^^^^^^^^^^^^^^^^^^^
TypeError: delete_page() missing 1 required positional argument: 'pages'
2024-12-26 17:52:57,894 - ERROR - delete_page() missing 1 required positional argument: 'pages'
Traceback (most recent call last):
  File "C:\Users\keita\Documents\work\pdf-editor\backend\app.py", line 100, in dynamic_endpoint
    processed_files = endpoint(saved_files)
                      ^^^^^^^^^^^^^^^^^^^^^
  File "C:\Users\keita\Documents\work\pdf-editor\backend\endpoint.py", line 21, in __call__
    out = self.process(*single_file_args, **kwargs)
          ^^^^^^^^^^^^^^^^^^^^^^^^^^^^^^^^^^^^^^^^^
TypeError: delete_page() missing 1 required positional argument: 'pages'
2024-12-26 17:56:27,191 - ERROR - invalid literal for int() with base 10: 'âEÇ…90Åã'
Traceback (most recent call last):
  File "C:\Users\keita\Documents\work\pdf-editor\backend\app.py", line 65, in dynamic_endpoint
    args[key] = int(request.form[key])
                ^^^^^^^^^^^^^^^^^^^^^^
ValueError: invalid literal for int() with base 10: 'âEÇ…90Åã'
